<?xml version="1.0" encoding="UTF-8"?>
<!-- Generated by org.testng.reporters.JUnitXMLReporter -->
<testsuite ignored="1" hostname="MacBook-Pro.local" failures="0" tests="1" name="firefoxTest" time="8.753" errors="0" timestamp="2025-05-06T21:46:27 IST">
  <testcase classname="testClasses.AboutPageTest" name="verifyTheCorrectPageIsLoaded" time="0.703"/>
  <testcase classname="base.BaseClass" name="@BeforeSuite createReport" time="0.0">
    <ignored/>
  </testcase> <!-- @BeforeSuite createReport -->
</testsuite> <!-- firefoxTest -->
